The resource <URL> was preloaded using link preload but not used within a few seconds from the window's load event. Please make sure it has an appropriate `as` value and it is preloaded intentionally.
The resource <URL> was preloaded using link preload but not used within a few seconds from the window's load event. Please make sure it has an appropriate `as` value and it is preloaded intentionally.
The resource <URL> was preloaded using link preload but not used within a few seconds from the window's load event. Please make sure it has an appropriate `as` value and it is preloaded intentionally.
The resource <URL> was preloaded using link preload but not used within a few seconds from the window's load event. Please make sure it has an appropriate `as` value and it is preloaded intentionally.
The resource <URL> was preloaded using link preload but not used within a few seconds from the window's load event. Please make sure it has an appropriate `as` value and it is preloaded intentionally.
The resource <URL> was preloaded using link preload but not used within a few seconds from the window's load event. Please make sure it has an appropriate `as` value and it is preloaded intentionally.
The resource <URL> was preloaded using link preload but not used within a few seconds from the window's load event. Please make sure it has an appropriate `as` value and it is preloaded intentionally.
The resource <URL> was preloaded using link preload but not used within a few seconds from the window's load event. Please make sure it has an appropriate `as` value and it is preloaded intentionally.
The resource <URL> was preloaded using link preload but not used within a few seconds from the window's load event. Please make sure it has an appropriate `as` value and it is preloaded intentionally.
The resource <URL> was preloaded using link preload but not used within a few seconds from the window's load event. Please make sure it has an appropriate `as` value and it is preloaded intentionally.
The resource <URL> was preloaded using link preload but not used within a few seconds from the window's load event. Please make sure it has an appropriate `as` value and it is preloaded intentionally.
The resource <URL> was preloaded using link preload but not used within a few seconds from the window's load event. Please make sure it has an appropriate `as` value and it is preloaded intentionally.
The resource <URL> was preloaded using link preload but not used within a few seconds from the window's load event. Please make sure it has an appropriate `as` value and it is preloaded intentionally.
workerLogger.js:103 Loading the code for the site. To debug this code, open masterPage.js in Developer Tools.
workerLogger.js:103 Loading the code for the MemberInsert page. To debug this code, open umshq.js in Developer Tools.
workerLogger.js:103 ERROR
react-dom.production.min.js:17 Unrecognized feature: 'vr'.
xd @ react-dom.production.min.js:17
workerLogger.js:103 next
workerLogger.js:103 code
workerLogger.js:103 Array(2)
workerLogger.js:103 scalar Element: email
workerLogger.js:103 scalar Element: password
workerLogger.js:103 next
workerLogger.js:103 PENDING
workerLogger.js:103 JWS.eyJraWQiOiJSc012MmV3MiIsImFsZyI6IkhTMjU2In0.eyJkYXRhIjoie1wiaWRcIjpcIjcxNTE4YTRhLTM0Y2EtNGU1YS05NjMzLTNkNDU0OGRiZTU3OFwiLFwiY29sbGVjdGlvbklkXCI6XCIxMTcwNzUwOC0xOGVkLTRhOGEtYTNjZS1lNmQ5ODkwMDdiODNcIn0iLCJpYXQiOjE2MTkzMTE4OTksImV4cCI6MTYxOTQxOTg5OX0.zoZYGUTyOanpERFdYycpCSpOEjxbDkG60OuBc-fgXfE
workerLogger.js:103 egetUserPlans: ƒ (e,t)id: "71518a4a-34ca-4e5a-9633-3d4548dbe578"loggedIn: falserole: "Visitor"__proto__: Object
